<?xml version="1.0" encoding="UTF-8"?>
<!-- Generated by org.testng.reporters.JUnitXMLReporter -->
<testsuite ignored="0" hostname="DESKTOP-Q0ODUAG" failures="0" tests="4" name="Test" time="38.13" errors="0" timestamp="2024-03-11T11:25:24 IST">
  <testcase classname="api.tests.UserTests" name="testPostUser" time="32.006"/>
  <testcase classname="api.tests.UserTests" name="testReadUser" time="1.423"/>
  <testcase classname="api.tests.UserTests" name="testUpdateUser" time="2.725"/>
  <testcase classname="api.tests.UserTests" name="deleteUserByName" time="1.308"/>
</testsuite> <!-- Test -->
