<?xml version="1.0" encoding="UTF-8"?>
<!-- Generated by org.testng.reporters.JUnitXMLReporter -->
<testsuite ignored="0" hostname="DESKTOP-Q0ODUAG" failures="0" tests="4" name="Default test" time="12.78" errors="0" timestamp="2024-03-07T19:15:05 IST">
  <testcase classname="api.tests.UserTests" name="testPostUser" time="6.396"/>
  <testcase classname="api.tests.UserTests" name="testReadUser" time="1.476"/>
  <testcase classname="api.tests.UserTests" name="testUpdateUser" time="2.844"/>
  <testcase classname="api.tests.UserTests" name="deleteUserByName" time="1.388"/>
</testsuite> <!-- Default test -->
